\BOOKMARK [0][-]{section*.1}{ Contents}{}% 1
\BOOKMARK [1][-]{section.0.1}{0.1 Signal Structure}{section*.1}% 2
\BOOKMARK [2][-]{subsection.0.1.1}{0.1.1 Complex phase modulation: QPSK}{section.0.1}% 3
\BOOKMARK [2][-]{subsection.0.1.2}{0.1.2 Transmit pulse shape filter}{section.0.1}% 4
\BOOKMARK [2][-]{subsection.0.1.3}{0.1.3 CDMA Spreading}{section.0.1}% 5
\BOOKMARK [2][-]{subsection.0.1.4}{0.1.4 Scrambling}{section.0.1}% 6
\BOOKMARK [2][-]{subsection.0.1.5}{0.1.5 Burst Types}{section.0.1}% 7
\BOOKMARK [2][-]{subsection.0.1.6}{0.1.6 Timeslot Structure}{section.0.1}% 8
\BOOKMARK [2][-]{subsection.0.1.7}{0.1.7 Midamble sequences}{section.0.1}% 9
\BOOKMARK [1][-]{section.0.2}{0.2 The SDR platform \(Wireless Experimental System II\)}{section*.1}% 10
\BOOKMARK [1][-]{section.0.3}{0.3 Organization of this Protocol}{section*.1}% 11
\BOOKMARK [0][-]{chapter.1}{1 Transmission and detection of a single CDMA signal}{}% 12
\BOOKMARK [1][-]{section.1.1}{1.1 Scenario}{chapter.1}% 13
\BOOKMARK [1][-]{section.1.2}{1.2 Task}{chapter.1}% 14
\BOOKMARK [1][-]{section.1.3}{1.3 Information about transmit signal}{chapter.1}% 15
\BOOKMARK [1][-]{section.1.4}{1.4 Algorithm descriptione1}{chapter.1}% 16
\BOOKMARK [1][-]{section.1.5}{1.5 Observation and interpretation}{chapter.1}% 17
\BOOKMARK [1][-]{section.1.6}{1.6 Summary}{chapter.1}% 18
\BOOKMARK [0][-]{chapter.2}{2 Transmission and detection of superimposed CDMA signals}{}% 19
\BOOKMARK [1][-]{section.2.1}{2.1 bilblibli}{chapter.2}% 20
\BOOKMARK [0][-]{chapter.3}{3 Multipath wave propagation and rake receiver}{}% 21
\BOOKMARK [0][-]{chapter.4}{4 Receive antenna diversity}{}% 22
\BOOKMARK [0][-]{chapter.5}{5 Wideband Channel Measurement}{}% 23
